<?xml version="1.0" encoding="utf-8"?><testsuites name="pytest tests"><testsuite name="pytest" errors="0" failures="0" skipped="0" tests="9" time="2.566" timestamp="2026-02-13T10:37:04.545552+00:00" hostname="agent-env-b93ddd37-5e1c-4a8d-972a-9a8a9888ba60"><testcase classname="backend.tests.test_location_features.TestLocationEndpoints" name="test_get_cities_endpoint" time="0.241" /><testcase classname="backend.tests.test_location_features.TestLocationEndpoints" name="test_filter_tailors_by_city_mumbai" time="0.064" /><testcase classname="backend.tests.test_location_features.TestLocationEndpoints" name="test_filter_tailors_by_city_delhi" time="0.076" /><testcase classname="backend.tests.test_location_features.TestLocationEndpoints" name="test_list_all_tailors_no_city_filter" time="0.062" /><testcase classname="backend.tests.test_location_features.TestLocationInRegistration" name="test_register_with_location_fields" time="0.433" /><testcase classname="backend.tests.test_location_features.TestLocationInRegistration" name="test_get_auth_me_returns_location_fields" time="0.399" /><testcase classname="backend.tests.test_location_features.TestLocationInProfileUpdate" name="test_update_profile_with_location" time="0.206" /><testcase classname="backend.tests.test_location_features.TestLocationBasedDeliveryAssignment" name="test_delivery_partner_city_matching" time="0.925" /><testcase classname="backend.tests.test_location_features.TestLocationDataIntegrity" name="test_tailor_detail_shows_location" time="0.105" /></testsuite></testsuites>