<?xml version="1.0" encoding="utf-8"?><testsuites name="pytest tests"><testsuite name="pytest" errors="0" failures="0" skipped="0" tests="21" time="7.488" timestamp="2026-02-13T10:03:51.080409+00:00" hostname="agent-env-b93ddd37-5e1c-4a8d-972a-9a8a9888ba60"><testcase classname="tests.test_stitchly_api.TestAuth" name="test_seed_data" time="0.308" /><testcase classname="tests.test_stitchly_api.TestAuth" name="test_login_customer" time="0.302" /><testcase classname="tests.test_stitchly_api.TestAuth" name="test_login_tailor" time="0.313" /><testcase classname="tests.test_stitchly_api.TestAuth" name="test_login_admin" time="0.282" /><testcase classname="tests.test_stitchly_api.TestAuth" name="test_register_new_customer" time="0.424" /><testcase classname="tests.test_stitchly_api.TestTailorListing" name="test_list_tailors" time="0.056" /><testcase classname="tests.test_stitchly_api.TestTailorListing" name="test_get_tailor_detail" time="0.112" /><testcase classname="tests.test_stitchly_api.TestOrders" name="test_create_order" time="0.696" /><testcase classname="tests.test_stitchly_api.TestOrders" name="test_get_customer_orders" time="0.133" /><testcase classname="tests.test_stitchly_api.TestOrders" name="test_tailor_accept_order" time="1.144" /><testcase classname="tests.test_stitchly_api.TestOrders" name="test_update_order_status" time="0.363" /><testcase classname="tests.test_stitchly_api.TestReviews" name="test_create_review" time="0.158" /><testcase classname="tests.test_stitchly_api.TestTailorServices" name="test_get_tailor_services" time="0.127" /><testcase classname="tests.test_stitchly_api.TestTailorServices" name="test_add_tailor_service" time="0.175" /><testcase classname="tests.test_stitchly_api.TestTailorServices" name="test_get_tailor_earnings" time="0.051" /><testcase classname="tests.test_stitchly_api.TestDelivery" name="test_get_delivery_assignments" time="0.397" /><testcase classname="tests.test_stitchly_api.TestDelivery" name="test_update_delivery_status" time="0.388" /><testcase classname="tests.test_stitchly_api.TestAdmin" name="test_admin_list_users" time="0.435" /><testcase classname="tests.test_stitchly_api.TestAdmin" name="test_admin_toggle_block_user" time="0.361" /><testcase classname="tests.test_stitchly_api.TestAdmin" name="test_admin_analytics" time="0.103" /><testcase classname="tests.test_stitchly_api.TestAdmin" name="test_admin_update_commission" time="1.090" /></testsuite></testsuites>