<?xml version="1.0" encoding="utf-8"?><testsuites name="pytest tests"><testsuite name="pytest" errors="0" failures="0" skipped="0" tests="7" time="4.526" timestamp="2026-02-13T10:58:41.988061+00:00" hostname="agent-env-b93ddd37-5e1c-4a8d-972a-9a8a9888ba60"><testcase classname="tests.test_razorpay_payments.TestRazorpayIntegration" name="test_create_razorpay_order" time="2.101" /><testcase classname="tests.test_razorpay_payments.TestRazorpayIntegration" name="test_create_order_already_completed" time="0.160" /><testcase classname="tests.test_razorpay_payments.TestRazorpayIntegration" name="test_verify_payment_invalid_signature" time="1.116" /><testcase classname="tests.test_razorpay_payments.TestRazorpayIntegration" name="test_verify_payment_valid_signature" time="0.810" /><testcase classname="tests.test_razorpay_payments.TestRazorpayIntegration" name="test_get_payment_status" time="0.075" /><testcase classname="tests.test_razorpay_payments.TestRazorpayIntegration" name="test_get_checkout_html" time="0.081" /><testcase classname="tests.test_razorpay_payments.TestRazorpayIntegration" name="test_cod_order_no_razorpay" time="0.121" /></testsuite></testsuites>